5345499c-7866-4e32-b83e-076858d16057 - - [07/Aug/2018:00:07:52 +0000] ::1 - - 'POST /news/health HTTP/1.1' Bearer hKctYFdV7yCTQVOmtTvt 200 42 '-' 'PostmanRuntime/7.1.1' 23.701 ms 
51e63d0d-c8d1-4984-afb1-7b8969c2f16b - - [07/Aug/2018:11:02:45 +0000] ::1 - - 'POST /news HTTP/1.1' Bearer hKctYFdV7yCTQVOmtTvt 201 984 '-' 'PostmanRuntime/7.1.1' 25.750 ms 
becdbe1f-d242-46b4-b4c8-b982cd5ceac3 - - [07/Aug/2018:11:03:28 +0000] ::1 - - 'POST /news HTTP/1.1' Bearer hKctYFdV7yCTQVOmtTvt 201 1032 '-' 'PostmanRuntime/7.1.1' 58.906 ms 
7ac41069-fe5e-460e-9f26-dcaf6e6d7761 - - [07/Aug/2018:11:20:56 +0000] ::1 - - 'POST /news HTTP/1.1' Bearer hKctYFdV7yCTQVOmtTvt 201 731 '-' 'PostmanRuntime/7.1.1' 36.356 ms 
e03c164d-7b2b-4ffb-95ef-12b6c4c763fa - - [07/Aug/2018:11:21:36 +0000] ::1 - - 'POST /news HTTP/1.1' Bearer hKctYFdV7yCTQVOmtTvt 201 371 '-' 'PostmanRuntime/7.1.1' 28.396 ms 
d1ce63da-0e00-483e-9c56-c5fb1d8dedd7 - - [07/Aug/2018:11:21:46 +0000] ::1 - - 'POST /news HTTP/1.1' Bearer hKctYFdV7yCTQVOmtTvt 201 760 '-' 'PostmanRuntime/7.1.1' 17.343 ms 
12c6570c-4980-4179-bdec-07955542f092 - - [07/Aug/2018:11:22:03 +0000] ::1 - - 'POST /news HTTP/1.1' Bearer hKctYFdV7yCTQVOmtTvt 201 712 '-' 'PostmanRuntime/7.1.1' 8.323 ms 
5d9f47e2-8002-4db4-a4e0-c07313b16b7b - - [07/Aug/2018:11:23:51 +0000] ::1 - - 'POST /news HTTP/1.1' Bearer hKctYFdV7yCTQVOmtTvt 201 712 '-' 'PostmanRuntime/7.1.1' 45.324 ms 
7668d272-2874-45a0-8447-ae116fe8db18 - - [07/Aug/2018:11:24:35 +0000] ::1 - - 'POST /news HTTP/1.1' Bearer hKctYFdV7yCTQVOmtTvt 201 712 '-' 'PostmanRuntime/7.1.1' 39.436 ms 
3acf834f-53fb-452f-bb36-3cf885a0cb7c - - [07/Aug/2018:11:26:30 +0000] ::1 - - 'POST /news HTTP/1.1' Bearer hKctYFdV7yCTQVOmtTvt 201 712 '-' 'PostmanRuntime/7.1.1' 31.774 ms 
2d55a74c-93ed-4e2b-9ac6-3c71a71d208e - - [07/Aug/2018:11:28:28 +0000] ::1 - - 'POST /news HTTP/1.1' Bearer hKctYFdV7yCTQVOmtTvt 201 712 '-' 'PostmanRuntime/7.1.1' 52.804 ms 
b5084bd1-fe57-4abd-9d31-ccbbcee2b8cb - - [07/Aug/2018:11:38:48 +0000] ::1 - - 'POST /news HTTP/1.1' Bearer hKctYFdV7yCTQVOmtTvt 201 712 '-' 'PostmanRuntime/7.1.1' 36.740 ms 
fdd0f7e7-e686-448c-b129-792c04cbeadd - - [07/Aug/2018:12:25:14 +0000] ::1 - - 'POST /news HTTP/1.1' Bearer hKctYFdV7yCTQVOmtTvt 201 712 '-' 'PostmanRuntime/7.1.1' 41.406 ms 
42847cd6-315f-4087-b9cc-9abd0f66f276 - - [07/Aug/2018:12:43:30 +0000] ::1 - - 'POST /news HTTP/1.1' Bearer hKctYFdV7yCTQVOmtTvt 201 760 '-' 'PostmanRuntime/7.1.1' 37.099 ms 
82667f38-1395-4a73-a0c7-5ce2100f9a34 - - [07/Aug/2018:12:53:26 +0000] ::1 - - 'POST /news HTTP/1.1' Bearer hKctYFdV7yCTQVOmtTvt 201 26 '-' 'PostmanRuntime/7.1.1' 47.622 ms 
963d5ccf-ab06-47f6-887c-b78860615fe6 - - [07/Aug/2018:12:53:52 +0000] ::1 - - 'POST /news HTTP/1.1' Bearer hKctYFdV7yCTQVOmtTvt 201 34 '-' 'PostmanRuntime/7.1.1' 33.573 ms 
47af3f12-80e7-492d-8165-c41af58d0347 - - [07/Aug/2018:12:54:36 +0000] ::1 - - 'PUT /news/5b6996609b55eba5e90f07d1 HTTP/1.1' Bearer hKctYFdV7yCTQVOmtTvt 204 - '-' 'PostmanRuntime/7.1.1' 38.262 ms 
c7e8383e-6afd-4d61-a6c8-00ae42e3789d - - [08/Aug/2018:13:10:52 +0000] ::1 - - 'GET /news HTTP/1.1' Bearer hKctYFdV7yCTQVOmtTvt 200 - '-' 'PostmanRuntime/7.1.1' 62.457 ms 
03ff7a4a-99fc-4cec-9c61-b1fe5cbb3dd5 - - [08/Aug/2018:13:16:51 +0000] ::1 - - 'GET /news?client=1 HTTP/1.1' Bearer hKctYFdV7yCTQVOmtTvt 200 - '-' 'PostmanRuntime/7.1.1' 69.542 ms 
1f7a8562-0198-4915-8e57-9b32d1941f89 - - [08/Aug/2018:13:19:26 +0000] ::1 - - 'GET /news?client=1 HTTP/1.1' Bearer hKctYFdV7yCTQVOmtTvt 200 - '-' 'PostmanRuntime/7.1.1' 39.156 ms 
b12abfc3-d480-4e9c-b5cd-40dc737e515c - - [08/Aug/2018:13:20:02 +0000] ::1 - - 'GET /news?sortby=1&skip=10 HTTP/1.1' Bearer hKctYFdV7yCTQVOmtTvt 200 - '-' 'PostmanRuntime/7.1.1' 26.790 ms 
7ba75fcc-37b5-4830-906d-7802464ccd3b - - [09/Aug/2018:07:36:16 +0000] ::1 - - 'PUT /news/5b68c5e8a8f7e862947b6139/activity/up HTTP/1.1' Bearer hKctYFdV7yCTQVOmtTvt 404 32 '-' 'PostmanRuntime/7.1.1' 3.131 ms 
6af56b5e-9531-4a77-bf3d-2fe9e064da1a - - [09/Aug/2018:07:36:27 +0000] ::1 - - 'PUT /news/5b68c5e8a8f7e862947b6139/activity//up HTTP/1.1' Bearer hKctYFdV7yCTQVOmtTvt 404 32 '-' 'PostmanRuntime/7.1.1' 0.380 ms 
ed2744f8-95ac-45bf-87d1-5f60562a5222 - - [09/Aug/2018:07:36:33 +0000] ::1 - - 'PUT /news/5b68c5e8a8f7e862947b6139/activity/f/up HTTP/1.1' Bearer hKctYFdV7yCTQVOmtTvt 401 18 '-' 'PostmanRuntime/7.1.1' 0.542 ms 
01c25af5-deed-4e30-906f-f58fde63cfc2 - - [09/Aug/2018:07:37:03 +0000] ::1 - - 'PUT /news/5b68c5e8a8f7e862947b6139/activity/f/up HTTP/1.1' Bearer hKctYFdV7yCTQVOmtTvt 401 30 '-' 'PostmanRuntime/7.1.1' 3.468 ms 
d60aba22-52aa-4d32-b86c-0b7bc36b6563 - - [09/Aug/2018:07:40:33 +0000] ::1 - - 'PUT /news/5b68c5e8a8f7e862947b6139/favorite HTTP/1.1' Bearer hKctYFdV7yCTQVOmtTvt 404 32 '-' 'PostmanRuntime/7.1.1' 2.603 ms 
2597bf70-aa69-4476-a990-689ff4b75291 - - [09/Aug/2018:07:40:54 +0000] ::1 - - 'PUT /news/5b68c5e8a8f7e862947b6139/favourite HTTP/1.1' Bearer hKctYFdV7yCTQVOmtTvt 500 - '-' 'PostmanRuntime/7.1.1' 1.269 ms 
cbd6302c-2fb5-4328-ba04-f98d0636c7fc - - [09/Aug/2018:07:43:53 +0000] ::1 - - 'GET /news/ HTTP/1.1' Bearer hKctYFdV7yCTQVOmtTvt 200 - '-' 'PostmanRuntime/7.1.1' 45.907 ms 
cc110473-0881-4854-a479-5bc57860b991 - - [09/Aug/2018:07:57:43 +0000] ::1 - - 'POST /news HTTP/1.1' Bearer hKctYFdV7yCTQVOmtTvt 201 34 '-' 'PostmanRuntime/7.1.1' 47.167 ms 
114d26ba-cc67-4ea4-9da7-4e4dc07fd01b - - [09/Aug/2018:08:02:09 +0000] ::1 - - 'POST /news HTTP/1.1' Bearer hKctYFdV7yCTQVOmtTvt 201 34 '-' 'PostmanRuntime/7.1.1' 29.959 ms 
57c2f1c0-4a5c-4a1a-97e8-7ffeb8caf4ef - - [09/Aug/2018:08:05:54 +0000] ::1 - - 'POST /news HTTP/1.1' Bearer hKctYFdV7yCTQVOmtTvt 400 39 '-' 'PostmanRuntime/7.1.1' 58.055 ms 
80ad557a-866b-409a-9e89-2c4ee55c536e - - [09/Aug/2018:09:17:13 +0000] ::1 - - 'POST /news HTTP/1.1' Bearer hKctYFdV7yCTQVOmtTvt 400 39 '-' 'PostmanRuntime/7.1.1' 277.435 ms 
927abb1e-6430-41fc-9c67-b5f9af60321a - - [09/Aug/2018:09:23:19 +0000] ::1 - - 'POST /news HTTP/1.1' Bearer hKctYFdV7yCTQVOmtTvt 400 39 '-' 'PostmanRuntime/7.1.1' 21.171 ms 
66516b4d-0074-4026-944b-c23560d0b362 - - [09/Aug/2018:09:23:47 +0000] ::1 - - 'POST /news HTTP/1.1' Bearer hKctYFdV7yCTQVOmtTvt 400 39 '-' 'PostmanRuntime/7.1.1' 20.302 ms 
01019f3f-6719-44d2-a851-56853e4dc13b - - [09/Aug/2018:09:27:40 +0000] ::1 - - 'POST /news HTTP/1.1' Bearer hKctYFdV7yCTQVOmtTvt 400 39 '-' 'PostmanRuntime/7.1.1' 16.967 ms 
be0cbdc7-af86-4c9e-a75b-1588d1cc5659 - - [09/Aug/2018:09:28:02 +0000] ::1 - - 'POST /news HTTP/1.1' Bearer hKctYFdV7yCTQVOmtTvt 400 39 '-' 'PostmanRuntime/7.1.1' 17.665 ms 
3d3c8f33-6ca6-4c14-ac0e-edd5f63990e4 - - [09/Aug/2018:09:29:24 +0000] ::1 - - 'POST /news HTTP/1.1' Bearer hKctYFdV7yCTQVOmtTvt 400 39 '-' 'PostmanRuntime/7.1.1' 26.023 ms 
f75e26ed-d5bc-4ca6-b3e5-d0570b3660ad - - [09/Aug/2018:09:32:32 +0000] ::1 - - 'POST /news HTTP/1.1' Bearer hKctYFdV7yCTQVOmtTvt 400 39 '-' 'PostmanRuntime/7.1.1' 17.960 ms 
71e97834-4cfa-4e4b-9571-cabfe9445ab8 - - [09/Aug/2018:09:34:05 +0000] ::1 - - 'POST /news HTTP/1.1' Bearer hKctYFdV7yCTQVOmtTvt 400 39 '-' 'PostmanRuntime/7.1.1' 21.497 ms 
dfb5e0fb-8d64-4308-8785-f671be69220d - - [09/Aug/2018:09:34:42 +0000] ::1 - - 'POST /news HTTP/1.1' Bearer hKctYFdV7yCTQVOmtTvt 201 34 '-' 'PostmanRuntime/7.1.1' 29.077 ms 
e6f49203-79a6-45bc-b5c7-4461ea5b9c1c - - [09/Aug/2018:09:35:11 +0000] ::1 - - 'POST /news HTTP/1.1' Bearer hKctYFdV7yCTQVOmtTvt 201 34 '-' 'PostmanRuntime/7.1.1' 28.720 ms 
d6ebeb1f-3767-4411-ad52-e5b6ab67f5e4 - - [09/Aug/2018:09:35:30 +0000] ::1 - - 'POST /news HTTP/1.1' Bearer hKctYFdV7yCTQVOmtTvt 201 34 '-' 'PostmanRuntime/7.1.1' 28.248 ms 
a750ac31-d899-40e5-a5a1-c7c12e5e2bcd - - [09/Aug/2018:09:40:41 +0000] ::1 - - 'POST /news HTTP/1.1' Bearer hKctYFdV7yCTQVOmtTvt 201 34 '-' 'PostmanRuntime/7.1.1' 29.032 ms 
f91ea9fc-7722-4564-a6ab-e36483769210 - - [09/Aug/2018:09:40:51 +0000] ::1 - - 'POST /news HTTP/1.1' Bearer hKctYFdV7yCTQVOmtTvt 400 39 '-' 'PostmanRuntime/7.1.1' 0.407 ms 
6d9d1f9a-0f52-4729-98db-50016557246c - - [09/Aug/2018:09:40:55 +0000] ::1 - - 'POST /news HTTP/1.1' Bearer hKctYFdV7yCTQVOmtTvt 201 34 '-' 'PostmanRuntime/7.1.1' 6.837 ms 
6f659481-81f3-4a1a-94bb-dd1f8672e3cb - - [09/Aug/2018:09:45:40 +0000] ::1 - - 'PUT /news/5b6c0c27ce781e2a5c48c13b/favourite HTTP/1.1' Bearer hKctYFdV7yCTQVOmtTvt 400 39 '-' 'PostmanRuntime/7.1.1' 0.413 ms 
ea35626c-5b60-4b4e-b969-28d05533a5d1 - - [09/Aug/2018:09:45:50 +0000] ::1 - - 'PUT /news/5b6c0c27ce781e2a5c48c13b/favourite HTTP/1.1' Bearer hKctYFdV7yCTQVOmtTvt 500 - '-' 'PostmanRuntime/7.1.1' 1.678 ms 
1434f402-5b5d-477a-b5c4-0c791996142e - - [09/Aug/2018:09:46:09 +0000] ::1 - - 'PUT /news/5b6c0c27ce781e2a5c48c13b/favourite HTTP/1.1' Bearer hKctYFdV7yCTQVOmtTvt 500 - '-' 'PostmanRuntime/7.1.1' 10.263 ms 
fe77735c-c0ae-44e8-81a2-bb8af9e088d3 - - [09/Aug/2018:09:46:28 +0000] ::1 - - 'PUT /news/5b6c0c27ce781e2a5c48c13b/favourite HTTP/1.1' Bearer hKctYFdV7yCTQVOmtTvt 400 25 '-' 'PostmanRuntime/7.1.1' 9.192 ms 
5a3e1c62-d28a-480a-8c1c-be6ae4d813e2 - - [09/Aug/2018:09:46:51 +0000] ::1 - - 'PUT /news/5b6c0c27ce781e2a5c48c13b/favourite HTTP/1.1' Bearer hKctYFdV7yCTQVOmtTvt 400 55 '-' 'PostmanRuntime/7.1.1' 12.257 ms 
195a4065-74ac-4a69-9799-a8ea1b392053 - - [09/Aug/2018:09:47:17 +0000] ::1 - - 'PUT /news/5b6c0c27ce781e2a5c48c13b/favourite HTTP/1.1' Bearer hKctYFdV7yCTQVOmtTvt 400 55 '-' 'PostmanRuntime/7.1.1' 3.323 ms 
443a05d7-a718-4b77-88d9-93be92769e1e - - [09/Aug/2018:09:47:50 +0000] ::1 - - 'PUT /news/5b6c0c27ce781e2a5c48c13b/favourite HTTP/1.1' Bearer hKctYFdV7yCTQVOmtTvt 400 55 '-' 'PostmanRuntime/7.1.1' 18.102 ms 
267ed1e5-11bf-4e75-924e-b90118ff59cd - - [09/Aug/2018:09:48:18 +0000] ::1 - - 'PUT /news/5b6c0c27ce781e2a5c48c13b/favourite HTTP/1.1' Bearer hKctYFdV7yCTQVOmtTvt 400 55 '-' 'PostmanRuntime/7.1.1' 19.450 ms 
ddea5b64-3f04-46b7-9961-310f038fb946 - - [09/Aug/2018:09:49:27 +0000] ::1 - - 'PUT /news/5b6c0c27ce781e2a5c48c13b/favourite HTTP/1.1' Bearer hKctYFdV7yCTQVOmtTvt 400 55 '-' 'PostmanRuntime/7.1.1' 18.484 ms 
4d5e4cc6-a27f-4e07-b352-ad11aba453cb - - [09/Aug/2018:09:49:52 +0000] ::1 - - 'PUT /news/5b6c0c27ce781e2a5c48c13b/favourite HTTP/1.1' Bearer hKctYFdV7yCTQVOmtTvt 400 55 '-' 'PostmanRuntime/7.1.1' 14.290 ms 
d6ccc9ea-7cb1-40fd-9f21-c6683feb911d - - [09/Aug/2018:09:50:31 +0000] ::1 - - 'PUT /news/5b6c0c27ce781e2a5c48c13b/favourite HTTP/1.1' Bearer hKctYFdV7yCTQVOmtTvt 400 55 '-' 'PostmanRuntime/7.1.1' 18.272 ms 
e7f25d96-add3-4195-b821-d0de9ba1ef5d - - [09/Aug/2018:09:51:42 +0000] ::1 - - 'PUT /news/5b6c0c27ce781e2a5c48c13b/favourite HTTP/1.1' Bearer hKctYFdV7yCTQVOmtTvt 400 55 '-' 'PostmanRuntime/7.1.1' 18.706 ms 
f6d1064b-4329-4029-b2dc-7ac058677fee - - [09/Aug/2018:09:52:44 +0000] ::1 - - 'PUT /news/5b6c0c27ce781e2a5c48c13b/favourite HTTP/1.1' Bearer hKctYFdV7yCTQVOmtTvt 400 55 '-' 'PostmanRuntime/7.1.1' 18.774 ms 
67fd2047-c624-4bde-9c43-da32bc0f1c7e - - [09/Aug/2018:09:57:15 +0000] ::1 - - 'PUT /news/5b6c0c27ce781e2a5c48c13b/favourite HTTP/1.1' Bearer hKctYFdV7yCTQVOmtTvt 400 55 '-' 'PostmanRuntime/7.1.1' 13.484 ms 
9c3f890f-ba6e-4b9c-92dd-d74fcc45452a - - [09/Aug/2018:09:57:32 +0000] ::1 - - 'PUT /news/5b6c0c27ce781e2a5c48c13b/favourite HTTP/1.1' Bearer hKctYFdV7yCTQVOmtTvt 400 55 '-' 'PostmanRuntime/7.1.1' 16.213 ms 
a6cc47c0-ec5b-4480-88a0-a4e9bfdc1511 - - [09/Aug/2018:09:58:05 +0000] ::1 - - 'PUT /news/5b6c0c27ce781e2a5c48c13b/favourite HTTP/1.1' Bearer hKctYFdV7yCTQVOmtTvt 400 55 '-' 'PostmanRuntime/7.1.1' 14.927 ms 
516f3fd0-9ec1-4f7c-bfa4-566a08eb7f26 - - [09/Aug/2018:09:59:56 +0000] ::1 - - 'PUT /news/5b6c0c27ce781e2a5c48c13b/favourite HTTP/1.1' Bearer hKctYFdV7yCTQVOmtTvt 400 55 '-' 'PostmanRuntime/7.1.1' 13.757 ms 
5eb88d6c-bfb9-45ae-9007-6b6ec333ec03 - - [09/Aug/2018:10:00:15 +0000] ::1 - - 'PUT /news/5b6c0c27ce781e2a5c48c13b/favourite HTTP/1.1' Bearer hKctYFdV7yCTQVOmtTvt 400 55 '-' 'PostmanRuntime/7.1.1' 18.465 ms 
5696f812-677e-4e76-a5e0-f8abe186d815 - - [09/Aug/2018:10:03:02 +0000] ::1 - - 'PUT /news/5b6c0c27ce781e2a5c48c13b/favourite HTTP/1.1' Bearer hKctYFdV7yCTQVOmtTvt 204 - '-' 'PostmanRuntime/7.1.1' 32.204 ms 
3cc48ab7-689b-461e-93d1-2267cf293b43 - - [09/Aug/2018:10:03:13 +0000] ::1 - - 'PUT /news/5b6c0c27ce781e2a5c48c13b/favourite HTTP/1.1' Bearer hKctYFdV7yCTQVOmtTvt 204 - '-' 'PostmanRuntime/7.1.1' 31.540 ms 
2f9951ee-d2cc-4940-acc4-38b81b57e767 - - [09/Aug/2018:10:04:01 +0000] ::1 - - 'PUT /news/5b6c0c27ce781e2a5c48c13b/favourite HTTP/1.1' Bearer hKctYFdV7yCTQVOmtTvt 204 - '-' 'PostmanRuntime/7.1.1' 29.945 ms 
2fe68b71-77a6-4734-9d47-1bee5fe0df83 - - [09/Aug/2018:10:04:06 +0000] ::1 - - 'PUT /news/5b6c0c27ce781e2a5c48c13b/favourite HTTP/1.1' Bearer hKctYFdV7yCTQVOmtTvt 204 - '-' 'PostmanRuntime/7.1.1' 4.336 ms 
a8999881-d3e4-48b8-ac20-bb38d991ebd2 - - [09/Aug/2018:10:04:11 +0000] ::1 - - 'PUT /news/5b6c0c27ce781e2a5c48c13b/favourite HTTP/1.1' Bearer hKctYFdV7yCTQVOmtTvt 400 55 '-' 'PostmanRuntime/7.1.1' 0.755 ms 
735fd8e9-d702-4238-84ca-e701649590bc - - [09/Aug/2018:10:04:25 +0000] ::1 - - 'PUT /news/5b6c0c27ce781e2a5c48c13b/favourite HTTP/1.1' Bearer hKctYFdV7yCTQVOmtTvt 400 55 '-' 'PostmanRuntime/7.1.1' 1.003 ms 
a19e09c7-671c-40da-9b43-19f824211758 - - [09/Aug/2018:10:04:28 +0000] ::1 - - 'PUT /news/5b6c0c27ce781e2a5c48c13b/favourite HTTP/1.1' Bearer hKctYFdV7yCTQVOmtTvt 400 55 '-' 'PostmanRuntime/7.1.1' 0.569 ms 
ed5f9967-7d26-420a-8288-72c0b77d29d7 - - [09/Aug/2018:10:04:29 +0000] ::1 - - 'PUT /news/5b6c0c27ce781e2a5c48c13b/favourite HTTP/1.1' Bearer hKctYFdV7yCTQVOmtTvt 400 55 '-' 'PostmanRuntime/7.1.1' 0.554 ms 
d0ebd66c-3a4c-4350-8b77-32b6520d411f - - [09/Aug/2018:10:04:30 +0000] ::1 - - 'PUT /news/5b6c0c27ce781e2a5c48c13b/favourite HTTP/1.1' Bearer hKctYFdV7yCTQVOmtTvt 400 55 '-' 'PostmanRuntime/7.1.1' 0.603 ms 
37726e73-1ad7-48d9-b7e4-d022f0428dc6 - - [09/Aug/2018:10:04:37 +0000] ::1 - - 'PUT /news/5b6c0c27ce781e2a5c48c13b/favourite HTTP/1.1' Bearer hKctYFdV7yCTQVOmtTvt 400 55 '-' 'PostmanRuntime/7.1.1' 0.566 ms 
3531defc-197c-408a-bd6c-01edcaabb4b9 - - [09/Aug/2018:10:04:53 +0000] ::1 - - 'PUT /news/5b6c0c27ce781e2a5c48c13b/favourite HTTP/1.1' Bearer hKctYFdV7yCTQVOmtTvt 204 - '-' 'PostmanRuntime/7.1.1' 4.688 ms 
4dde9afd-295d-44e8-a89e-242293e0bb22 - - [09/Aug/2018:10:04:57 +0000] ::1 - - 'PUT /news/5b6c0c27ce781e2a5c48c13b/favourite HTTP/1.1' Bearer hKctYFdV7yCTQVOmtTvt 400 39 '-' 'PostmanRuntime/7.1.1' 0.327 ms 
df902c49-6b9e-4236-aad9-6089a7437e26 - - [09/Aug/2018:10:05:01 +0000] ::1 - - 'PUT /news/5b6c0c27ce781e2a5c48c13b/favourite HTTP/1.1' Bearer hKctYFdV7yCTQVOmtTvt 204 - '-' 'PostmanRuntime/7.1.1' 3.071 ms 
5d2fc667-4b97-4915-82ac-9a3e8480c908 - - [09/Aug/2018:10:08:03 +0000] ::1 - - 'GET /news/ HTTP/1.1' Bearer hKctYFdV7yCTQVOmtTvt 400 39 '-' 'PostmanRuntime/7.1.1' 2.141 ms 
9654ab81-3fe3-4020-a6ee-d8eec157bcc6 - - [09/Aug/2018:10:09:25 +0000] ::1 - - 'GET /news/ HTTP/1.1' Bearer hKctYFdV7yCTQVOmtTvt 400 39 '-' 'PostmanRuntime/7.1.1' 3.970 ms 
bb67b5f5-c4ff-4c9d-8120-4d8e5e0e12bc - - [09/Aug/2018:10:11:17 +0000] ::1 - - 'GET /news/ HTTP/1.1' Bearer hKctYFdV7yCTQVOmtTvt 400 39 '-' 'PostmanRuntime/7.1.1' 3.036 ms 
fada1b93-2e89-45b2-af7f-667d7ec108a6 - - [09/Aug/2018:10:15:19 +0000] ::1 - - 'GET /news/ HTTP/1.1' Bearer hKctYFdV7yCTQVOmtTvt 400 39 '-' 'PostmanRuntime/7.1.1' 3.282 ms 
526cf5fd-a427-4f1e-9812-301b313ce19f - - [09/Aug/2018:10:16:47 +0000] ::1 - - 'GET /news/ HTTP/1.1' Bearer hKctYFdV7yCTQVOmtTvt 200 - '-' 'PostmanRuntime/7.1.1' 38.085 ms 
8f773b3b-092d-4d66-8247-f94f65e3e27d - - [09/Aug/2018:10:22:14 +0000] ::1 - - 'GET /news/ HTTP/1.1' Bearer hKctYFdV7yCTQVOmtTvt 200 - '-' 'PostmanRuntime/7.1.1' 33.854 ms 
cd93d47c-699c-4556-ae67-d8c2738621db - - [09/Aug/2018:10:23:13 +0000] ::1 - - 'GET /news/ HTTP/1.1' Bearer hKctYFdV7yCTQVOmtTvt 200 - '-' 'PostmanRuntime/7.1.1' 30.499 ms 
a822d1df-aa33-4345-820e-fff48c9246e1 - - [09/Aug/2018:10:24:36 +0000] ::1 - - 'GET /news/ HTTP/1.1' Bearer hKctYFdV7yCTQVOmtTvt 200 - '-' 'PostmanRuntime/7.1.1' 34.090 ms 
61bc9657-0969-4678-8463-783a291674c9 - - [09/Aug/2018:10:43:55 +0000] ::1 - - 'GET /news?filter=%7Bclient:%201,%20status:%20%22published%22,%20isFavourite:%20true, HTTP/1.1' Bearer hKctYFdV7yCTQVOmtTvt 500 - '-' 'PostmanRuntime/7.1.1' 3.814 ms 
641b0a85-d023-43ce-89c4-fe599d346b51 - - [09/Aug/2018:11:41:58 +0000] ::1 - - 'GET /news?searchCriteria[filterGroups][0][filter][0][field]=client&searchCriteria[filterGroups][0][filter][0][value]=1&searchCriteria[filterGroups][0][filter][0][conditionType]=eq HTTP/1.1' Bearer hKctYFdV7yCTQVOmtTvt 200 - '-' 'PostmanRuntime/7.1.1' 49.702 ms 
1f3559d7-4f65-49a8-ac54-f79685cbdfa0 - - [09/Aug/2018:11:42:55 +0000] ::1 - - 'GET /news?searchCriteria[filterGroups][0][filter][0][field]=client&searchCriteria[filterGroups][0][filter][0][value]=1&searchCriteria[filterGroups][0][filter][0][conditionType]=eq HTTP/1.1' Bearer hKctYFdV7yCTQVOmtTvt 200 28 '-' 'PostmanRuntime/7.1.1' 13.530 ms 
08684fc4-a5bf-4179-ab7f-d1f34c42f539 - - [09/Aug/2018:11:48:07 +0000] ::1 - - 'GET /news?searchCriteria[filterGroups][0][filter][0][field]=client&searchCriteria[filterGroups][0][filter][0][value]=1&searchCriteria[filterGroups][0][filter][0][conditionType]=eq&searchCriteria[filterGroups][1][filter][0][field]=datePublished&searchCriteria[filterGroups][1][filter][0][field]=2018-08-01T00:00:00.000Z&searchCriteria[filterGroups][1][filter][0][field]=gt HTTP/1.1' Bearer hKctYFdV7yCTQVOmtTvt 200 28 '-' 'PostmanRuntime/7.1.1' 1.791 ms 
c354ed09-6148-4a79-be50-46f5c16b32e5 - - [09/Aug/2018:11:50:25 +0000] ::1 - - 'GET /news?searchCriteria[filterGroups][0][filter][0][field]=client&searchCriteria[filterGroups][0][filter][0][value]=1&searchCriteria[filterGroups][0][filter][0][conditionType]=eq&searchCriteria[filterGroups][1][filter][0][field]=datePublished&searchCriteria[filterGroups][1][filter][0][field]=2018-08-01T00:00:00.000Z&searchCriteria[filterGroups][1][filter][0][field]=gt HTTP/1.1' Bearer hKctYFdV7yCTQVOmtTvt 500 - '-' 'PostmanRuntime/7.1.1' 4.651 ms 
c131d792-22c2-410a-bf96-aa9c364a52a6 - - [09/Aug/2018:11:51:40 +0000] ::1 - - 'GET /news?searchCriteria[filterGroups][0][filter][0][field]=client&searchCriteria[filterGroups][0][filter][0][value]=1&searchCriteria[filterGroups][0][filter][0][conditionType]=eq&searchCriteria[filterGroups][1][filter][0][field]=datePublished&searchCriteria[filterGroups][1][filter][0][field]=2018-08-01T00:00:00.000Z&searchCriteria[filterGroups][1][filter][0][field]=gt HTTP/1.1' Bearer hKctYFdV7yCTQVOmtTvt 500 - '-' 'PostmanRuntime/7.1.1' 6.088 ms 
c7f47075-a53d-43bd-928a-5272eb4f4d47 - - [09/Aug/2018:11:52:05 +0000] ::1 - - 'GET /news?searchCriteria[filterGroups][0][filter][0][field]=client&searchCriteria[filterGroups][0][filter][0][value]=1&searchCriteria[filterGroups][0][filter][0][conditionType]=eq&searchCriteria[filterGroups][1][filter][0][field]=datePublished&searchCriteria[filterGroups][1][filter][0][value]=2018-08-01T00:00:00.000Z&searchCriteria[filterGroups][1][filter][0][conditionType]=gt HTTP/1.1' Bearer hKctYFdV7yCTQVOmtTvt 500 - '-' 'PostmanRuntime/7.1.1' 1.202 ms 
b7c4756f-83b8-4da4-be58-6b9f3d05ae1e - - [09/Aug/2018:12:09:24 +0000] ::1 - - 'GET /news?searchCriteria[filterGroups][0][filter][0][field]=client&searchCriteria[filterGroups][0][filter][0][value]=1&searchCriteria[filterGroups][0][filter][0][conditionType]=eq HTTP/1.1' Bearer hKctYFdV7yCTQVOmtTvt 500 - '-' 'PostmanRuntime/7.1.1' 5.053 ms 
9c6a59ce-85dc-46c0-ac19-1c332db12c27 - - [09/Aug/2018:12:11:30 +0000] ::1 - - 'GET /news?searchCriteria[filterGroups][0][filter][0][field]=client&searchCriteria[filterGroups][0][filter][0][value]=1&searchCriteria[filterGroups][0][filter][0][conditionType]=eq HTTP/1.1' Bearer hKctYFdV7yCTQVOmtTvt 500 - '-' 'PostmanRuntime/7.1.1' 7.429 ms 
bf75e520-9d02-4523-9835-e6aac2c74d52 - - [09/Aug/2018:12:11:49 +0000] ::1 - - 'GET /news?searchCriteria[filterGroups][0][filter][0][field]=client&searchCriteria[filterGroups][0][filter][0][value]=1&searchCriteria[filterGroups][0][filter][0][conditionType]=eq HTTP/1.1' Bearer hKctYFdV7yCTQVOmtTvt 500 - '-' 'PostmanRuntime/7.1.1' 6.139 ms 
27723ee2-97f2-42b0-8e69-a670123ff3de - - [09/Aug/2018:12:15:41 +0000] ::1 - - 'GET /news?searchCriteria[filterGroups][0][filter][0][field]=client&searchCriteria[filterGroups][0][filter][0][value]=1&searchCriteria[filterGroups][0][filter][0][conditionType]=eq HTTP/1.1' Bearer hKctYFdV7yCTQVOmtTvt 500 - '-' 'PostmanRuntime/7.1.1' 5.615 ms 
ce0297fd-2dcb-4612-af73-a52a48cf3927 - - [09/Aug/2018:12:19:19 +0000] ::1 - - 'GET /news?searchCriteria[filterGroups][0][filter][0][field]=client&searchCriteria[filterGroups][0][filter][0][value]=1&searchCriteria[filterGroups][0][filter][0][conditionType]=eq HTTP/1.1' Bearer hKctYFdV7yCTQVOmtTvt 500 - '-' 'PostmanRuntime/7.1.1' 5.589 ms 
cc2d8236-6b9e-41a5-ac98-efd87a65affd - - [09/Aug/2018:12:20:40 +0000] ::1 - - 'GET /news?searchCriteria[filterGroups][0][filter][0][field]=client&searchCriteria[filterGroups][0][filter][0][value]=1&searchCriteria[filterGroups][0][filter][0][conditionType]=eq HTTP/1.1' Bearer hKctYFdV7yCTQVOmtTvt 500 - '-' 'PostmanRuntime/7.1.1' 4.980 ms 
662e8437-99ea-4ca6-b04e-a1acf3377589 - - [09/Aug/2018:12:21:04 +0000] ::1 - - 'GET /news?searchCriteria[filterGroups][0][filter][0][field]=client&searchCriteria[filterGroups][0][filter][0][value]=1&searchCriteria[filterGroups][0][filter][0][conditionType]=eq HTTP/1.1' Bearer hKctYFdV7yCTQVOmtTvt 500 - '-' 'PostmanRuntime/7.1.1' 5.453 ms 
ca82cf79-5e27-41f6-aecd-371fe721f3b6 - - [09/Aug/2018:12:31:31 +0000] ::1 - - 'GET /news?searchCriteria[filterGroups][0][filter][0][field]=client&searchCriteria[filterGroups][0][filter][0][value]=1&searchCriteria[filterGroups][0][filter][0][conditionType]=eq HTTP/1.1' Bearer hKctYFdV7yCTQVOmtTvt 500 - '-' 'PostmanRuntime/7.1.1' 7.173 ms 
56d49253-55c9-4737-a374-01d172c8da9b - - [09/Aug/2018:12:32:03 +0000] ::1 - - 'GET /news?searchCriteria[filterGroups][0][filter][0][field]=client&searchCriteria[filterGroups][0][filter][0][value]=1&searchCriteria[filterGroups][0][filter][0][conditionType]=eq HTTP/1.1' Bearer hKctYFdV7yCTQVOmtTvt 500 - '-' 'PostmanRuntime/7.1.1' 5.743 ms 
8efc1688-a396-4101-955d-2bdad10311aa - - [09/Aug/2018:12:34:36 +0000] ::1 - - 'GET /news?searchCriteria[filterGroups][0][filter][0][field]=client&searchCriteria[filterGroups][0][filter][0][value]=1&searchCriteria[filterGroups][0][filter][0][conditionType]=eq HTTP/1.1' Bearer hKctYFdV7yCTQVOmtTvt 500 - '-' 'PostmanRuntime/7.1.1' 4.941 ms 
2e936f47-3cfb-423b-b24e-242e181891cb - - [09/Aug/2018:12:35:16 +0000] ::1 - - 'GET /news?searchCriteria[filterGroups][0][filter][0][field]=client&searchCriteria[filterGroups][0][filter][0][value]=1&searchCriteria[filterGroups][0][filter][0][conditionType]=eq HTTP/1.1' Bearer hKctYFdV7yCTQVOmtTvt 500 - '-' 'PostmanRuntime/7.1.1' 7.259 ms 
28889b37-c178-4f46-8cc5-111ab4e34219 - - [09/Aug/2018:12:36:19 +0000] ::1 - - 'GET /news?searchCriteria[filterGroups][0][filter][0][field]=client&searchCriteria[filterGroups][0][filter][0][value]=1&searchCriteria[filterGroups][0][filter][0][conditionType]=eq HTTP/1.1' Bearer hKctYFdV7yCTQVOmtTvt 500 - '-' 'PostmanRuntime/7.1.1' 5.928 ms 
0e524019-8e78-4fcb-b4a6-3c07bf8fc755 - - [09/Aug/2018:12:37:28 +0000] ::1 - - 'GET /news?searchCriteria[filterGroups][0][filter][0][field]=client&searchCriteria[filterGroups][0][filter][0][value]=1&searchCriteria[filterGroups][0][filter][0][conditionType]=eq HTTP/1.1' Bearer hKctYFdV7yCTQVOmtTvt 500 - '-' 'PostmanRuntime/7.1.1' 4.985 ms 
77cb9a7c-eda6-49c9-8814-770e1888d21e - - [09/Aug/2018:12:37:53 +0000] ::1 - - 'GET /news?searchCriteria[filterGroups][0][filter][0][field]=client&searchCriteria[filterGroups][0][filter][0][value]=1&searchCriteria[filterGroups][0][filter][0][conditionType]=eq HTTP/1.1' Bearer hKctYFdV7yCTQVOmtTvt 500 - '-' 'PostmanRuntime/7.1.1' 5.518 ms 
884d6430-e002-41ba-bb6e-b4ee8081f733 - - [09/Aug/2018:12:38:49 +0000] ::1 - - 'GET /news?searchCriteria[filterGroups][0][filter][0][field]=client&searchCriteria[filterGroups][0][filter][0][value]=1&searchCriteria[filterGroups][0][filter][0][conditionType]=eq HTTP/1.1' Bearer hKctYFdV7yCTQVOmtTvt 500 - '-' 'PostmanRuntime/7.1.1' 4.156 ms 
88ac9d86-aacc-4975-b4d0-e7cf6ba562a5 - - [09/Aug/2018:12:39:03 +0000] ::1 - - 'GET /news?searchCriteria[filterGroups][0][filter][0][field]=client&searchCriteria[filterGroups][0][filter][0][value]=1&searchCriteria[filterGroups][0][filter][0][conditionType]=eq HTTP/1.1' Bearer hKctYFdV7yCTQVOmtTvt 200 28 '-' 'PostmanRuntime/7.1.1' 11.148 ms 
d82f11a3-d4bf-4408-a24e-03b9d8e911dd - - [09/Aug/2018:12:39:41 +0000] ::1 - - 'GET /news?searchCriteria[filterGroups][0][filter][0][field]=client&searchCriteria[filterGroups][0][filter][0][value]=1&searchCriteria[filterGroups][0][filter][0][conditionType]=eq HTTP/1.1' Bearer hKctYFdV7yCTQVOmtTvt 200 28 '-' 'PostmanRuntime/7.1.1' 9.002 ms 
03ca575e-a7f5-49a6-9ee7-492c234f4f20 - - [09/Aug/2018:12:40:18 +0000] ::1 - - 'GET /news?searchCriteria[filterGroups][0][filter][0][field]=client&searchCriteria[filterGroups][0][filter][0][value]=129&searchCriteria[filterGroups][0][filter][0][conditionType]=eq HTTP/1.1' Bearer hKctYFdV7yCTQVOmtTvt 200 - '-' 'PostmanRuntime/7.1.1' 27.190 ms 
b268e7de-c90e-42fa-bb87-1c28a1e30469 - - [09/Aug/2018:12:40:48 +0000] ::1 - - 'GET /news?searchCriteria[filterGroups][0][filter][0][field]=client&searchCriteria[filterGroups][0][filter][0][value]=129&searchCriteria[filterGroups][0][filter][0][conditionType]=eq&searchCriteria[filterGroups][1][filter][0][field]=datePublished&searchCriteria[filterGroups][1][filter][0][value]=2018-08-01T00:00:00.000Z&searchCriteria[filterGroups][1][filter][0][conditionType]=gt HTTP/1.1' Bearer hKctYFdV7yCTQVOmtTvt 200 - '-' 'PostmanRuntime/7.1.1' 35.279 ms 
01638810-8238-4255-8764-cfcceb43a3b4 - - [09/Aug/2018:12:40:53 +0000] ::1 - - 'GET /news?searchCriteria[filterGroups][0][filter][0][field]=client&searchCriteria[filterGroups][0][filter][0][value]=129&searchCriteria[filterGroups][0][filter][0][conditionType]=eq&searchCriteria[filterGroups][1][filter][0][field]=datePublished&searchCriteria[filterGroups][1][filter][0][value]=2018-08-01T00:00:00.000Z&searchCriteria[filterGroups][1][filter][0][conditionType]=lt HTTP/1.1' Bearer hKctYFdV7yCTQVOmtTvt 200 28 '-' 'PostmanRuntime/7.1.1' 2.130 ms 
0dd29231-bed1-4508-b6e0-4b2164021396 - - [09/Aug/2018:12:41:02 +0000] ::1 - - 'GET /news?searchCriteria[filterGroups][0][filter][0][field]=client&searchCriteria[filterGroups][0][filter][0][value]=129&searchCriteria[filterGroups][0][filter][0][conditionType]=eq&searchCriteria[filterGroups][1][filter][0][field]=datePublished&searchCriteria[filterGroups][1][filter][0][value]=2018-08-16T00:00:00.000Z&searchCriteria[filterGroups][1][filter][0][conditionType]=lt HTTP/1.1' Bearer hKctYFdV7yCTQVOmtTvt 200 28 '-' 'PostmanRuntime/7.1.1' 9.056 ms 
26ab427a-088d-4797-9ede-d04ddec57b99 - - [09/Aug/2018:12:41:06 +0000] ::1 - - 'GET /news?searchCriteria[filterGroups][0][filter][0][field]=client&searchCriteria[filterGroups][0][filter][0][value]=129&searchCriteria[filterGroups][0][filter][0][conditionType]=eq&searchCriteria[filterGroups][1][filter][0][field]=datePublished&searchCriteria[filterGroups][1][filter][0][value]=2018-08-16T00:00:00.000Z&searchCriteria[filterGroups][1][filter][0][conditionType]=gt HTTP/1.1' Bearer hKctYFdV7yCTQVOmtTvt 200 - '-' 'PostmanRuntime/7.1.1' 29.410 ms 
b96e529e-1265-4e28-9edc-a19e24db3b41 - - [09/Aug/2018:12:41:51 +0000] ::1 - - 'GET /news?searchCriteria[filterGroups][0][filter][0][field]=client&searchCriteria[filterGroups][0][filter][0][value]=129&searchCriteria[filterGroups][0][filter][0][conditionType]=eq&searchCriteria[filterGroups][1][filter][0][field]=dateAdded&searchCriteria[filterGroups][1][filter][0][value]=2018-08-16T00:00:00.000Z&searchCriteria[filterGroups][1][filter][0][conditionType]=gt HTTP/1.1' Bearer hKctYFdV7yCTQVOmtTvt 200 28 '-' 'PostmanRuntime/7.1.1' 1.394 ms 
2ce070f3-162d-44ef-a21e-44a91761544d - - [09/Aug/2018:12:42:01 +0000] ::1 - - 'GET /news?searchCriteria[filterGroups][0][filter][0][field]=client&searchCriteria[filterGroups][0][filter][0][value]=129&searchCriteria[filterGroups][0][filter][0][conditionType]=eq&searchCriteria[filterGroups][1][filter][0][field]=dateAdded&searchCriteria[filterGroups][1][filter][0][value]=2018-08-09T00:00:00.000Z&searchCriteria[filterGroups][1][filter][0][conditionType]=gt HTTP/1.1' Bearer hKctYFdV7yCTQVOmtTvt 200 - '-' 'PostmanRuntime/7.1.1' 16.191 ms 
2b8f441f-bbc1-4175-8b66-03e2d4248b93 - - [09/Aug/2018:12:42:20 +0000] ::1 - - 'GET /news?searchCriteria[filterGroups][0][filter][0][field]=client&searchCriteria[filterGroups][0][filter][0][value]=129&searchCriteria[filterGroups][0][filter][0][conditionType]=eq&searchCriteria[filterGroups][1][filter][0][field]=dateAdded&searchCriteria[filterGroups][1][filter][0][value]=2018-08-09T00:00:00.000Z&searchCriteria[filterGroups][1][filter][0][conditionType]=lt HTTP/1.1' Bearer hKctYFdV7yCTQVOmtTvt 200 28 '-' 'PostmanRuntime/7.1.1' 1.407 ms 
8e1108e3-0915-48b6-b1c7-02a38b701ea1 - - [09/Aug/2018:12:42:26 +0000] ::1 - - 'GET /news?searchCriteria[filterGroups][0][filter][0][field]=client&searchCriteria[filterGroups][0][filter][0][value]=129&searchCriteria[filterGroups][0][filter][0][conditionType]=eq&searchCriteria[filterGroups][1][filter][0][field]=dateAdded&searchCriteria[filterGroups][1][filter][0][value]=2018-08-09T00:00:00.000Z&searchCriteria[filterGroups][1][filter][0][conditionType]=gt HTTP/1.1' Bearer hKctYFdV7yCTQVOmtTvt 200 - '-' 'PostmanRuntime/7.1.1' 22.434 ms 
97cfd704-b365-45be-9b3c-cec19b8a4c30 - - [09/Aug/2018:12:42:43 +0000] ::1 - - 'GET /news?searchCriteria[filterGroups][0][filter][0][field]=client&searchCriteria[filterGroups][0][filter][0][value]=129&searchCriteria[filterGroups][0][filter][0][conditionType]=eq&searchCriteria[filterGroups][1][filter][0][field]=dateAdded&searchCriteria[filterGroups][1][filter][0][value]=2018-08-09T09:25:00.000Z&searchCriteria[filterGroups][1][filter][0][conditionType]=gt HTTP/1.1' Bearer hKctYFdV7yCTQVOmtTvt 200 - '-' 'PostmanRuntime/7.1.1' 13.508 ms 
4c08982d-55e7-4b08-b1cf-fe3973e278d8 - - [09/Aug/2018:12:42:58 +0000] ::1 - - 'GET /news?searchCriteria[filterGroups][0][filter][0][field]=client&searchCriteria[filterGroups][0][filter][0][value]=129&searchCriteria[filterGroups][0][filter][0][conditionType]=eq&searchCriteria[filterGroups][1][filter][0][field]=dateAdded&searchCriteria[filterGroups][1][filter][0][value]=2018-08-09T09:25:00.000Z&searchCriteria[filterGroups][1][filter][0][conditionType]=lt HTTP/1.1' Bearer hKctYFdV7yCTQVOmtTvt 200 - '-' 'PostmanRuntime/7.1.1' 5.990 ms 
e0001446-b599-4018-a5c6-d2b8a2fabb89 - - [09/Aug/2018:13:38:07 +0000] ::1 - - 'GET /news?searchCriteria[filterGroups][0][filter][0][field]=client&searchCriteria[filterGroups][0][filter][0][value]=129&searchCriteria[filterGroups][0][filter][0][conditionType]=eq&searchCriteria[filterGroups][1][filter][0][field]=dateAdded&searchCriteria[filterGroups][1][filter][0][value]=2018-08-09T09:25:00.000Z&searchCriteria[filterGroups][1][filter][0][conditionType]=lt HTTP/1.1' Bearer hKctYFdV7yCTQVOmtTvt 200 28 '-' 'PostmanRuntime/7.1.1' 5.422 ms 
0ae4b986-337f-46c0-8cff-6c66d7a4a24c - - [09/Aug/2018:13:39:00 +0000] ::1 - - 'GET /news?searchCriteria[filterGroups][0][filter][0][field]=client&searchCriteria[filterGroups][0][filter][0][value]=129&searchCriteria[filterGroups][0][filter][0][conditionType]=eq HTTP/1.1' Bearer hKctYFdV7yCTQVOmtTvt 200 28 '-' 'PostmanRuntime/7.1.1' 1.819 ms 
4a64427d-d172-48d4-a3bd-1d9cc0beb232 - - [09/Aug/2018:13:40:40 +0000] ::1 - - 'GET /news?searchCriteria[filterGroups][0][filter][0][field]=client&searchCriteria[filterGroups][0][filter][0][value]=129&searchCriteria[filterGroups][0][filter][0][conditionType]=eq HTTP/1.1' Bearer hKctYFdV7yCTQVOmtTvt 200 2 '-' 'PostmanRuntime/7.1.1' 6.595 ms 
feb7ea8c-ba3f-4204-938e-7813121871cf - - [09/Aug/2018:13:41:22 +0000] ::1 - - 'GET /news?searchCriteria[filterGroups][0][filter][0][field]=client&searchCriteria[filterGroups][0][filter][0][value]=129&searchCriteria[filterGroups][0][filter][0][conditionType]=eq HTTP/1.1' Bearer hKctYFdV7yCTQVOmtTvt 200 2 '-' 'PostmanRuntime/7.1.1' 5.407 ms 
d7135866-f2f5-4e90-afb9-b0294a66ff3d - - [09/Aug/2018:13:43:27 +0000] ::1 - - 'GET /news?searchCriteria[filterGroups][0][filter][0][field]=client&searchCriteria[filterGroups][0][filter][0][value]=129&searchCriteria[filterGroups][0][filter][0][conditionType]=eq HTTP/1.1' Bearer hKctYFdV7yCTQVOmtTvt 200 2 '-' 'PostmanRuntime/7.1.1' 20.282 ms 
8eaa7152-db38-4700-b7d8-e3332c1fac78 - - [09/Aug/2018:13:44:16 +0000] ::1 - - 'GET /news?searchCriteria[filterGroups][0][filter][0][field]=client&searchCriteria[filterGroups][0][filter][0][value]=129&searchCriteria[filterGroups][0][filter][0][conditionType]=eq HTTP/1.1' Bearer hKctYFdV7yCTQVOmtTvt 200 2 '-' 'PostmanRuntime/7.1.1' 9.570 ms 
7c30d06a-2392-42c1-9d0f-26ea2bebb9f0 - - [10/Aug/2018:04:40:36 +0000] ::1 - - 'GET /news?searchCriteria[filterGroups][0][filter][0][field]=client&searchCriteria[filterGroups][0][filter][0][value]=129&searchCriteria[filterGroups][0][filter][0][conditionType]=eq HTTP/1.1' Bearer hKctYFdV7yCTQVOmtTvt 200 2 '-' 'PostmanRuntime/7.1.1' 43.312 ms 
de667883-d675-4dd6-b76a-1cb109090f42 - - [10/Aug/2018:04:44:05 +0000] ::1 - - 'GET /news?searchCriteria[filterGroups][0][filter][0][field]=client&searchCriteria[filterGroups][0][filter][0][value]=129&searchCriteria[filterGroups][0][filter][0][conditionType]=eq HTTP/1.1' Bearer hKctYFdV7yCTQVOmtTvt 200 2 '-' 'PostmanRuntime/7.1.1' 7.502 ms 
198385fe-9663-4ece-a2ac-045d8c7bd49b - - [10/Aug/2018:04:46:10 +0000] ::1 - - 'GET /news?searchCriteria[filterGroups][0][filter][0][field]=client&searchCriteria[filterGroups][0][filter][0][value]=129&searchCriteria[filterGroups][0][filter][0][conditionType]=eq HTTP/1.1' Bearer hKctYFdV7yCTQVOmtTvt 200 2 '-' 'PostmanRuntime/7.1.1' 7.710 ms 
ff11fea5-41ce-4761-b9ee-2cdf4ef9a6ba - - [10/Aug/2018:04:46:59 +0000] ::1 - - 'GET /news?searchCriteria[filterGroups][0][filter][0][field]=client&searchCriteria[filterGroups][0][filter][0][value]=129&searchCriteria[filterGroups][0][filter][0][conditionType]=eq HTTP/1.1' Bearer hKctYFdV7yCTQVOmtTvt 200 2 '-' 'PostmanRuntime/7.1.1' 23.404 ms 
ab15122a-ab50-4632-98ff-c5db1b221164 - - [10/Aug/2018:04:51:01 +0000] ::1 - - 'GET /news?searchCriteria[filterGroups][0][filter][0][field]=client&searchCriteria[filterGroups][0][filter][0][value]=129&searchCriteria[filterGroups][0][filter][0][conditionType]=eq HTTP/1.1' Bearer hKctYFdV7yCTQVOmtTvt - - '-' 'PostmanRuntime/7.1.1' - ms 
47699be9-064c-430c-829c-cadd9eab1b70 - - [10/Aug/2018:05:10:25 +0000] ::1 - - 'GET /news?searchCriteria[filterGroups][0][filter][0][field]=client&searchCriteria[filterGroups][0][filter][0][value]=129&searchCriteria[filterGroups][0][filter][0][conditionType]=eq HTTP/1.1' Bearer hKctYFdV7yCTQVOmtTvt 500 - '-' 'PostmanRuntime/7.1.1' 2.876 ms 
326337b0-24dc-4f5a-af73-c23bfab58986 - - [10/Aug/2018:05:12:36 +0000] ::1 - - 'GET /news?searchCriteria[filterGroups][0][filter][0][field]=client&searchCriteria[filterGroups][0][filter][0][value]=129&searchCriteria[filterGroups][0][filter][0][conditionType]=eq HTTP/1.1' Bearer hKctYFdV7yCTQVOmtTvt - - '-' 'PostmanRuntime/7.1.1' - ms 
afee346d-1774-4edd-976a-2cd06aabb5b8 - - [10/Aug/2018:05:14:37 +0000] ::1 - - 'GET /news?searchCriteria[filterGroups][0][filter][0][field]=isFavourite&searchCriteria[filterGroups][0][filter][0][value]=true&searchCriteria[filterGroups][0][filter][0][conditionType]=eq HTTP/1.1' Bearer hKctYFdV7yCTQVOmtTvt - - '-' 'PostmanRuntime/7.1.1' - ms 
70c0e414-cd1c-4457-a9e5-8e0fa25b5077 - - [10/Aug/2018:05:55:20 +0000] ::1 - - 'GET /news HTTP/1.1' Bearer hKctYFdV7yCTQVOmtTvt 500 - '-' 'PostmanRuntime/7.1.1' 5.458 ms 
29784ff5-45b7-4d59-8c64-5fb065070d68 - - [10/Aug/2018:05:56:20 +0000] ::1 - - 'GET /news HTTP/1.1' Bearer hKctYFdV7yCTQVOmtTvt - - '-' 'PostmanRuntime/7.1.1' - ms 
8834988a-b74b-43be-9eec-bd54862b085e - - [10/Aug/2018:05:57:22 +0000] ::1 - - 'GET /news HTTP/1.1' Bearer hKctYFdV7yCTQVOmtTvt 500 - '-' 'PostmanRuntime/7.1.1' 5.669 ms 
bc126c93-923b-408f-b153-867d2d8ab764 - - [10/Aug/2018:06:00:34 +0000] ::1 - - 'GET /news HTTP/1.1' Bearer hKctYFdV7yCTQVOmtTvt 500 - '-' 'PostmanRuntime/7.1.1' 2.736 ms 
8586dc4d-c6b0-4fc3-a5f9-84509546eb4f - - [10/Aug/2018:06:03:10 +0000] ::1 - - 'GET /news HTTP/1.1' Bearer hKctYFdV7yCTQVOmtTvt - - '-' 'PostmanRuntime/7.1.1' - ms 
ca483eb5-8a0a-4c74-a1dc-745ab4b499b2 - - [10/Aug/2018:10:19:45 +0000] ::1 - - 'GET /news?searchCriteria[filterGroups][0][filter][0][field]=isFavourite&searchCriteria[filterGroups][0][filter][0][value]=true&searchCriteria[filterGroups][0][filter][0][conditionType]=eq HTTP/1.1' Bearer hKctYFdV7yCTQVOmtTvt - - '-' 'PostmanRuntime/7.1.1' - ms 
a8405ba2-fe26-45c1-b747-cc17b2330eab - - [10/Aug/2018:10:27:35 +0000] ::1 - - 'GET /news?searchCriteria[filterGroups][0][filter][0][field]=isFavourite&searchCriteria[filterGroups][0][filter][0][value]=true&searchCriteria[filterGroups][0][filter][0][conditionType]=eq HTTP/1.1' Bearer hKctYFdV7yCTQVOmtTvt 500 - '-' 'PostmanRuntime/7.1.1' 4.083 ms 
dacf043b-edf5-4d5e-bfc0-7ea88f315351 - - [10/Aug/2018:10:28:24 +0000] ::1 - - 'GET /news?searchCriteria[filterGroups][0][filter][0][field]=isFavourite&searchCriteria[filterGroups][0][filter][0][value]=true&searchCriteria[filterGroups][0][filter][0][conditionType]=eq HTTP/1.1' Bearer hKctYFdV7yCTQVOmtTvt 500 - '-' 'PostmanRuntime/7.1.1' 3.421 ms 
ca05c796-542e-417a-96df-bf0c17fbaf73 - - [10/Aug/2018:11:18:50 +0000] ::1 - - 'GET /news?searchCriteria[filterGroups][0][filter][0][field]=isFavourite&searchCriteria[filterGroups][0][filter][0][value]=true&searchCriteria[filterGroups][0][filter][0][conditionType]=eq HTTP/1.1' Bearer hKctYFdV7yCTQVOmtTvt 500 - '-' 'PostmanRuntime/7.1.1' 5.575 ms 
018e4c7f-5d48-49fe-9625-8cae1a23ab95 - - [10/Aug/2018:11:20:00 +0000] ::1 - - 'GET /news?searchCriteria[filterGroups][0][filter][0][field]=isFavourite&searchCriteria[filterGroups][0][filter][0][value]=true&searchCriteria[filterGroups][0][filter][0][conditionType]=eq HTTP/1.1' Bearer hKctYFdV7yCTQVOmtTvt 500 - '-' 'PostmanRuntime/7.1.1' 4.023 ms 
5ec7dad0-28fe-4d1f-bfa9-de536c27c1b0 - - [10/Aug/2018:11:20:32 +0000] ::1 - - 'GET /news?searchCriteria[filterGroups][0][filter][0][field]=isFavourite&searchCriteria[filterGroups][0][filter][0][value]=true&searchCriteria[filterGroups][0][filter][0][conditionType]=eq HTTP/1.1' Bearer hKctYFdV7yCTQVOmtTvt 500 - '-' 'PostmanRuntime/7.1.1' 8.312 ms 
270a8873-1ddd-49b5-a6a9-fb8c8bdb90cf - - [10/Aug/2018:11:21:23 +0000] ::1 - - 'GET /news?searchCriteria[filterGroups][0][filter][0][field]=isFavourite&searchCriteria[filterGroups][0][filter][0][value]=true&searchCriteria[filterGroups][0][filter][0][conditionType]=eq HTTP/1.1' Bearer hKctYFdV7yCTQVOmtTvt 500 - '-' 'PostmanRuntime/7.1.1' 3.606 ms 
87f1905f-edb8-44bb-8f00-f9ecfcd12299 - - [10/Aug/2018:11:22:00 +0000] ::1 - - 'GET /news?searchCriteria[filterGroups][0][filter][0][field]=isFavourite&searchCriteria[filterGroups][0][filter][0][value]=true&searchCriteria[filterGroups][0][filter][0][conditionType]=eq HTTP/1.1' Bearer hKctYFdV7yCTQVOmtTvt 500 - '-' 'PostmanRuntime/7.1.1' 5.960 ms 
b1cbc877-2e68-4894-99d0-3e75a97e93d5 - - [10/Aug/2018:11:29:17 +0000] ::1 - - 'GET /news?searchCriteria[filterGroups][0][filter][0][field]=isFavourite&searchCriteria[filterGroups][0][filter][0][value]=true&searchCriteria[filterGroups][0][filter][0][conditionType]=eq HTTP/1.1' Bearer hKctYFdV7yCTQVOmtTvt 500 - '-' 'PostmanRuntime/7.1.1' 4.726 ms 
180a72b2-23df-41ec-acda-d12101574070 - - [10/Aug/2018:11:31:14 +0000] ::1 - - 'GET /news?searchCriteria[filterGroups][0][filter][0][field]=isFavourite&searchCriteria[filterGroups][0][filter][0][value]=true&searchCriteria[filterGroups][0][filter][0][conditionType]=eq HTTP/1.1' Bearer hKctYFdV7yCTQVOmtTvt 500 - '-' 'PostmanRuntime/7.1.1' 4.386 ms 
3be2d7a2-6769-4964-b65a-8a0398d79faf - - [10/Aug/2018:11:31:39 +0000] ::1 - - 'GET /news?searchCriteria[filterGroups][0][filter][0][field]=isFavourite&searchCriteria[filterGroups][0][filter][0][value]=true&searchCriteria[filterGroups][0][filter][0][conditionType]=eq HTTP/1.1' Bearer hKctYFdV7yCTQVOmtTvt 500 - '-' 'PostmanRuntime/7.1.1' 4.359 ms 
8c355b87-b517-4de8-910d-f9aa0b4c2479 - - [10/Aug/2018:11:32:04 +0000] ::1 - - 'GET /news?searchCriteria[filterGroups][0][filter][0][field]=isFavourite&searchCriteria[filterGroups][0][filter][0][value]=true&searchCriteria[filterGroups][0][filter][0][conditionType]=eq HTTP/1.1' Bearer hKctYFdV7yCTQVOmtTvt 500 - '-' 'PostmanRuntime/7.1.1' 5.203 ms 
f70f89c1-657e-40e0-8937-388c440bc41d - - [10/Aug/2018:11:37:30 +0000] ::1 - - 'GET /news?searchCriteria[filterGroups][0][filter][0][field]=isFavourite&searchCriteria[filterGroups][0][filter][0][value]=true&searchCriteria[filterGroups][0][filter][0][conditionType]=eq HTTP/1.1' Bearer hKctYFdV7yCTQVOmtTvt 200 797 '-' 'PostmanRuntime/7.1.1' 8.891 ms 
10af060a-b2ca-48bd-ab3a-6ae01247a497 - - [10/Aug/2018:11:37:50 +0000] ::1 - - 'GET /news?searchCriteria[filterGroups][0][filter][0][field]=isFavourite&searchCriteria[filterGroups][0][filter][0][value]=true&searchCriteria[filterGroups][0][filter][0][conditionType]=eq HTTP/1.1' Bearer hKctYFdV7yCTQVOmtTvt 200 786 '-' 'PostmanRuntime/7.1.1' 7.853 ms 
319869fb-7b6c-4d6b-9935-5812de37f562 - - [10/Aug/2018:11:38:32 +0000] ::1 - - 'GET /news?searchCriteria[filterGroups][0][filter][0][field]=client&searchCriteria[filterGroups][0][filter][0][value]=129&searchCriteria[filterGroups][0][filter][0][conditionType]=eq HTTP/1.1' Bearer hKctYFdV7yCTQVOmtTvt 500 - '-' 'PostmanRuntime/7.1.1' 1.757 ms 
1ebd45e1-c229-4d4d-83df-a6841d0a628c - - [10/Aug/2018:11:38:55 +0000] ::1 - - 'GET /news?searchCriteria[filterGroups][0][filter][0][field]=client&searchCriteria[filterGroups][0][filter][0][value]=129&searchCriteria[filterGroups][0][filter][0][conditionType]=eq HTTP/1.1' Bearer hKctYFdV7yCTQVOmtTvt 500 - '-' 'PostmanRuntime/7.1.1' 2.796 ms 
9922a1c3-7ad3-47d3-93f9-c8c911e3547b - - [10/Aug/2018:11:40:09 +0000] ::1 - - 'GET /news?searchCriteria[filterGroups][0][filter][0][field]=client&searchCriteria[filterGroups][0][filter][0][value]=129&searchCriteria[filterGroups][0][filter][0][conditionType]=eq HTTP/1.1' Bearer hKctYFdV7yCTQVOmtTvt 500 - '-' 'PostmanRuntime/7.1.1' 3.491 ms 
304d85e1-21f5-4986-b421-bec33962d9ce - - [10/Aug/2018:11:40:44 +0000] ::1 - - 'GET /news?searchCriteria[filterGroups][0][filter][0][field]=client&searchCriteria[filterGroups][0][filter][0][value]=129&searchCriteria[filterGroups][0][filter][0][conditionType]=eq HTTP/1.1' Bearer hKctYFdV7yCTQVOmtTvt 500 - '-' 'PostmanRuntime/7.1.1' 4.171 ms 
3a5d3932-5cc5-4fe9-b295-f3333bdbb68b - - [10/Aug/2018:11:41:01 +0000] ::1 - - 'GET /news?searchCriteria[filterGroups][0][filter][0][field]=client&searchCriteria[filterGroups][0][filter][0][value]=129&searchCriteria[filterGroups][0][filter][0][conditionType]=eq HTTP/1.1' Bearer hKctYFdV7yCTQVOmtTvt 200 - '-' 'PostmanRuntime/7.1.1' 9.841 ms 
948f2f21-e2ee-4371-bcf8-ee39e777778a - - [10/Aug/2018:11:41:25 +0000] ::1 - - 'GET /news?searchCriteria[filterGroups][0][filter][0][field]=client&searchCriteria[filterGroups][0][filter][0][value]=129&searchCriteria[filterGroups][0][filter][0][conditionType]=eq HTTP/1.1' Bearer hKctYFdV7yCTQVOmtTvt 200 - '-' 'PostmanRuntime/7.1.1' 9.862 ms 
89207517-1dc4-4a12-8dc5-75f244dee72c - - [10/Aug/2018:11:42:08 +0000] ::1 - - 'GET /news?searchCriteria[filterGroups][0][filter][0][field]=client&searchCriteria[filterGroups][0][filter][0][value]=129&searchCriteria[filterGroups][0][filter][0][conditionType]=eq HTTP/1.1' Bearer hKctYFdV7yCTQVOmtTvt 200 - '-' 'PostmanRuntime/7.1.1' 8.599 ms 
01de49b5-473e-4d28-9517-e0aadc3cfc1a - - [10/Aug/2018:11:42:39 +0000] ::1 - - 'GET /news?searchCriteria[filterGroups][0][filter][0][field]=client&searchCriteria[filterGroups][0][filter][0][value]=129&searchCriteria[filterGroups][0][filter][0][conditionType]=eq HTTP/1.1' Bearer hKctYFdV7yCTQVOmtTvt 200 - '-' 'PostmanRuntime/7.1.1' 8.691 ms 
876e374c-579b-48d4-8a77-840ce771a45b - - [10/Aug/2018:11:43:05 +0000] ::1 - - 'GET /news?searchCriteria[filterGroups][0][filter][0][field]=client&searchCriteria[filterGroups][0][filter][0][value]=129&searchCriteria[filterGroups][0][filter][0][conditionType]=eq HTTP/1.1' Bearer hKctYFdV7yCTQVOmtTvt 200 - '-' 'PostmanRuntime/7.1.1' 9.516 ms 
e754c4aa-b4ff-494c-8d95-162fefab731e - - [10/Aug/2018:11:43:56 +0000] ::1 - - 'GET /news?searchCriteria[filterGroups][0][filter][0][field]=client&searchCriteria[filterGroups][0][filter][0][value]=129&searchCriteria[filterGroups][0][filter][0][conditionType]=eq HTTP/1.1' Bearer hKctYFdV7yCTQVOmtTvt 200 197 '-' 'PostmanRuntime/7.1.1' 13.888 ms 
8a4a659a-4d36-4914-821b-e6aca7682b61 - - [10/Aug/2018:11:45:37 +0000] ::1 - - 'GET /news?searchCriteria[filterGroups][0][filter][0][field]=client&searchCriteria[filterGroups][0][filter][0][value]=129&searchCriteria[filterGroups][0][filter][0][conditionType]=eq HTTP/1.1' Bearer hKctYFdV7yCTQVOmtTvt 200 - '-' 'PostmanRuntime/7.1.1' 15.506 ms 
a1e1b844-9c2e-4977-ad5d-e93a956ded99 - - [10/Aug/2018:13:05:04 +0000] ::1 - - 'POST /news HTTP/1.1' Bearer hKctYFdV7yCTQVOmtTvt 701 29 '-' 'PostmanRuntime/7.1.1' 162.268 ms 
b8775940-a4d8-41ba-8b30-6d3eb4dc5b94 - - [10/Aug/2018:13:06:28 +0000] ::1 - - 'POST /news HTTP/1.1' Bearer hKctYFdV7yCTQVOmtTvt 701 29 '-' 'PostmanRuntime/7.1.1' 12.734 ms 
e5381411-ec27-4f34-abc5-19e9b61a26da - - [10/Aug/2018:13:07:03 +0000] ::1 - - 'POST /news HTTP/1.1' Bearer hKctYFdV7yCTQVOmtTvt 701 29 '-' 'PostmanRuntime/7.1.1' 9.847 ms 
ce9a68bd-fd98-46f6-990f-fdb8e7dec8ce - - [10/Aug/2018:13:16:58 +0000] ::1 - - 'POST /news HTTP/1.1' Bearer hKctYFdV7yCTQVOmtTvt 701 29 '-' 'PostmanRuntime/7.1.1' 18.365 ms 
877f9f41-ae70-44fb-9084-68d81682f260 - - [10/Aug/2018:13:18:59 +0000] ::1 - - 'POST /news HTTP/1.1' Bearer hKctYFdV7yCTQVOmtTvt 701 29 '-' 'PostmanRuntime/7.1.1' 15.150 ms 
d3250406-8ec5-45f2-9931-27fe3d4ab683 - - [10/Aug/2018:13:19:26 +0000] ::1 - - 'POST /news HTTP/1.1' Bearer hKctYFdV7yCTQVOmtTvt 701 29 '-' 'PostmanRuntime/7.1.1' 15.174 ms 
7622918b-6eaa-4665-adda-783a79967ef9 - - [10/Aug/2018:13:20:13 +0000] ::1 - - 'POST /news HTTP/1.1' Bearer hKctYFdV7yCTQVOmtTvt 701 29 '-' 'PostmanRuntime/7.1.1' 9.651 ms 
3dcf962f-d9e7-4c5d-af61-f653c3c68b43 - - [10/Aug/2018:13:20:23 +0000] ::1 - - 'POST /news HTTP/1.1' Bearer hKctYFdV7yCTQVOmtTvt 701 29 '-' 'PostmanRuntime/7.1.1' 1.141 ms 
cb16550c-dde0-4a18-ba55-179cc1586458 - - [10/Aug/2018:13:21:05 +0000] ::1 - - 'POST /news HTTP/1.1' Bearer hKctYFdV7yCTQVOmtTvt 701 29 '-' 'PostmanRuntime/7.1.1' 0.566 ms 
3ef466d6-552b-4167-b15f-f165435238ed - - [10/Aug/2018:13:22:04 +0000] ::1 - - 'POST /news HTTP/1.1' Bearer hKctYFdV7yCTQVOmtTvt 701 29 '-' 'PostmanRuntime/7.1.1' 0.474 ms 
f795f230-7712-45d6-95ff-1cc5aab84410 - - [10/Aug/2018:13:23:42 +0000] ::1 - - 'POST /news HTTP/1.1' Bearer hKctYFdV7yCTQVOmtTvt 701 29 '-' 'PostmanRuntime/7.1.1' 0.572 ms 
89b7e024-b8f3-4e57-85ef-c3c752fa507a - - [10/Aug/2018:13:24:04 +0000] ::1 - - 'POST /news HTTP/1.1' Bearer hKctYFdV7yCTQVOmtTvt 701 29 '-' 'PostmanRuntime/7.1.1' 18.274 ms 
f8a58ddb-78c0-4684-9e5e-19a7095af775 - - [10/Aug/2018:13:24:37 +0000] ::1 - - 'POST /news HTTP/1.1' Bearer hKctYFdV7yCTQVOmtTvt 701 29 '-' 'PostmanRuntime/7.1.1' 9.813 ms 
bf10903b-0953-41da-913e-2cf8b9b97937 - - [10/Aug/2018:13:25:22 +0000] ::1 - - 'POST /news HTTP/1.1' Bearer hKctYFdV7yCTQVOmtTvt 703 28 '-' 'PostmanRuntime/7.1.1' 37.564 ms 
891cf1f5-1c37-46d7-aa12-8b1f48d52ed4 - - [10/Aug/2018:13:26:17 +0000] ::1 - - 'POST /news HTTP/1.1' eyJ0eXAiOiJKV1QiLCJhbGciOiJSUzI1NiJ9.eyJLZXkxIjoidmFsdWUxIiwiS2V5MiI6InZhbHVlMiIsImV4cCI6MTUzMzkwODY4NSwiS2V5SUQiOiIxIn0.QqTt5VwUidLtS1UtU5sHorcJVw1IJq0677AFbx5nC77nK2jZzrgzO5qWxgCQq5AZseHkJxrsvAj9bmYVvjt9M7oHtK0nq36tLpwLbxr4L3Z7SfMEp882uRRvdq63wgrPuDXgVcZC8XB4YRgU13XvPpFJdvIhP6q5MU6pCcfM4Rc - - '-' 'PostmanRuntime/7.1.1' - ms 
6568e2b7-1567-4d7b-b6ed-88ae9ee4e537 - - [10/Aug/2018:13:29:15 +0000] ::1 - - 'POST /news HTTP/1.1' eyJ0eXAiOiJKV1QiLCJhbGciOiJSUzI1NiJ9.eyJLZXkxIjoidmFsdWUxIiwiS2V5MiI6InZhbHVlMiIsImV4cCI6MTUzMzkwODY4NSwiS2V5SUQiOiIxIn0.QqTt5VwUidLtS1UtU5sHorcJVw1IJq0677AFbx5nC77nK2jZzrgzO5qWxgCQq5AZseHkJxrsvAj9bmYVvjt9M7oHtK0nq36tLpwLbxr4L3Z7SfMEp882uRRvdq63wgrPuDXgVcZC8XB4YRgU13XvPpFJdvIhP6q5MU6pCcfM4Rc - - '-' 'PostmanRuntime/7.1.1' - ms 
302e1a49-53f0-4252-8b49-d63c68ed549c - - [10/Aug/2018:13:33:35 +0000] ::1 - - 'POST /news HTTP/1.1' eyJ0eXAiOiJKV1QiLCJhbGciOiJSUzI1NiJ9.eyJLZXkxIjoidmFsdWUxIiwiS2V5MiI6InZhbHVlMiIsImV4cCI6MTUzMzkxMTU3MiwiS2V5SUQiOiIxIn0.Xg9i7qja0A8X_MUIaDgv9w5sU70gDHfmc-UIh8IiNUBHvV0tvL2IKkmY8UTWQN9jyc2b6SoQjrzMDv8bzsiAUioMc8FvrphCa-DGmxwal08uMeSPF6s2xC4Ok_e66WnvAyBsuymOOZOYfNdnIh3sBIyQlFtGWKtEGrfsDM6lnEY - - '-' 'PostmanRuntime/7.1.1' - ms 
56d7e468-75a4-456e-a7af-dccbfc7b321f - - [10/Aug/2018:13:36:06 +0000] ::1 - - 'POST /news HTTP/1.1' eyJ0eXAiOiJKV1QiLCJhbGciOiJSUzI1NiJ9.eyJLZXkxIjoidmFsdWUxIiwiS2V5MiI6InZhbHVlMiIsImV4cCI6MTUzMzkxMTU3MiwiS2V5SUQiOiIxIn0.Xg9i7qja0A8X_MUIaDgv9w5sU70gDHfmc-UIh8IiNUBHvV0tvL2IKkmY8UTWQN9jyc2b6SoQjrzMDv8bzsiAUioMc8FvrphCa-DGmxwal08uMeSPF6s2xC4Ok_e66WnvAyBsuymOOZOYfNdnIh3sBIyQlFtGWKtEGrfsDM6lnEY - - '-' 'PostmanRuntime/7.1.1' - ms 
86b9eb38-8542-4379-a39c-ff39ad2fe5a2 - - [10/Aug/2018:13:36:16 +0000] ::1 - - 'POST /news HTTP/1.1' eyJ0eXAiOiJKV1QiLCJhbGciOiJSUzI1NiJ9.eyJLZXkxIjoidmFsdWUxIiwiS2V5MiI6InZhbHVlMiIsImV4cCI6MTUzMzkxMTU3MiwiS2V5SUQiOiIxIn0.Xg9i7qja0A8X_MUIaDgv9w5sU70gDHfmc-UIh8IiNUBHvV0tvL2IKkmY8UTWQN9jyc2b6SoQjrzMDv8bzsiAUioMc8FvrphCa-DGmxwal08uMeSPF6s2xC4Ok_e66WnvAyBsuymOOZOYfNdnIh3sBIyQlFtGWKtEGrfsDM6lnEY - - '-' 'PostmanRuntime/7.1.1' - ms 
92d6104b-e89a-4936-8c34-c84b4ae44444 - - [10/Aug/2018:13:36:21 +0000] ::1 - - 'POST /news HTTP/1.1' eyJ0eXAiOiJKV1QiLCJhbGciOiJSUzI1NiJ9.eyJLZXkxIjoidmFsdWUxIiwiS2V5MiI6InZhbHVlMiIsImV4cCI6MTUzMzkxMTU3MiwiS2V5SUQiOiIxIn0.Xg9i7qja0A8X_MUIaDgv9w5sU70gDHfmc-UIh8IiNUBHvV0tvL2IKkmY8UTWQN9jyc2b6SoQjrzMDv8bzsiAUioMc8FvrphCa-DGmxwal08uMeSPF6s2xC4Ok_e66WnvAyBsuymOOZOYfNdnIh3sBIyQlFtGWKtEGrfsDM6lnEY - - '-' 'PostmanRuntime/7.1.1' - ms 
33285b2e-8e7c-4af1-8aba-1a39d3871c0e - - [10/Aug/2018:13:39:44 +0000] ::1 - - 'POST /news HTTP/1.1' eyJ0eXAiOiJKV1QiLCJhbGciOiJSUzI1NiJ9.eyJLZXkxIjoidmFsdWUxIiwiS2V5MiI6InZhbHVlMiIsImV4cCI6MTUzMzkxMTU3MiwiS2V5SUQiOiIxIn0.Xg9i7qja0A8X_MUIaDgv9w5sU70gDHfmc-UIh8IiNUBHvV0tvL2IKkmY8UTWQN9jyc2b6SoQjrzMDv8bzsiAUioMc8FvrphCa-DGmxwal08uMeSPF6s2xC4Ok_e66WnvAyBsuymOOZOYfNdnIh3sBIyQlFtGWKtEGrfsDM6lnEY 201 34 '-' 'PostmanRuntime/7.1.1' 90.943 ms 
9ce63cf5-6bf8-49f8-919a-f876fbc5b0b4 - - [10/Aug/2018:13:39:53 +0000] ::1 - - 'POST /news HTTP/1.1' eyJ0eXAiOiJKV1QiLCJhbGciOiJSUzI1NiJ9.eyJLZXkxIjoidmFsdWUxIiwiS2V5MiI6InZhbHVlMiIsImV4cCI6MTUzMzkxMTU3MiwiS2V5SUQiOiIxIn0.Xg9i7qja0A8X_MUIaDgv9w5sU70gDHfmc-UIh8IiNUBHvV0tvL2IKkmY8UTWQN9jyc2b6SoQjrzMDv8bzsiAUioMc8FvrphCa-DGmxwal08uMeSPF6s2xC4Ok_e66WnvAyBsuymOOZOYfNdnIh3sBIyQlFtGWKtEGrfsDM6lnEY 201 34 '-' 'PostmanRuntime/7.1.1' 28.340 ms 
2690e351-2875-4446-a425-36903512935b - - [10/Aug/2018:13:39:54 +0000] ::1 - - 'POST /news HTTP/1.1' eyJ0eXAiOiJKV1QiLCJhbGciOiJSUzI1NiJ9.eyJLZXkxIjoidmFsdWUxIiwiS2V5MiI6InZhbHVlMiIsImV4cCI6MTUzMzkxMTU3MiwiS2V5SUQiOiIxIn0.Xg9i7qja0A8X_MUIaDgv9w5sU70gDHfmc-UIh8IiNUBHvV0tvL2IKkmY8UTWQN9jyc2b6SoQjrzMDv8bzsiAUioMc8FvrphCa-DGmxwal08uMeSPF6s2xC4Ok_e66WnvAyBsuymOOZOYfNdnIh3sBIyQlFtGWKtEGrfsDM6lnEY 201 34 '-' 'PostmanRuntime/7.1.1' 30.507 ms 
b4923dd7-70b4-428b-a54e-c68b18b815f7 - - [10/Aug/2018:13:39:54 +0000] ::1 - - 'POST /news HTTP/1.1' eyJ0eXAiOiJKV1QiLCJhbGciOiJSUzI1NiJ9.eyJLZXkxIjoidmFsdWUxIiwiS2V5MiI6InZhbHVlMiIsImV4cCI6MTUzMzkxMTU3MiwiS2V5SUQiOiIxIn0.Xg9i7qja0A8X_MUIaDgv9w5sU70gDHfmc-UIh8IiNUBHvV0tvL2IKkmY8UTWQN9jyc2b6SoQjrzMDv8bzsiAUioMc8FvrphCa-DGmxwal08uMeSPF6s2xC4Ok_e66WnvAyBsuymOOZOYfNdnIh3sBIyQlFtGWKtEGrfsDM6lnEY 201 34 '-' 'PostmanRuntime/7.1.1' 26.506 ms 
34b22fc8-907d-4d6e-b831-a5c3779c8ba3 - - [10/Aug/2018:13:39:55 +0000] ::1 - - 'POST /news HTTP/1.1' eyJ0eXAiOiJKV1QiLCJhbGciOiJSUzI1NiJ9.eyJLZXkxIjoidmFsdWUxIiwiS2V5MiI6InZhbHVlMiIsImV4cCI6MTUzMzkxMTU3MiwiS2V5SUQiOiIxIn0.Xg9i7qja0A8X_MUIaDgv9w5sU70gDHfmc-UIh8IiNUBHvV0tvL2IKkmY8UTWQN9jyc2b6SoQjrzMDv8bzsiAUioMc8FvrphCa-DGmxwal08uMeSPF6s2xC4Ok_e66WnvAyBsuymOOZOYfNdnIh3sBIyQlFtGWKtEGrfsDM6lnEY 201 34 '-' 'PostmanRuntime/7.1.1' 23.414 ms 
b7e55807-3e79-4603-a61d-b00f00414ee2 - - [10/Aug/2018:13:40:03 +0000] ::1 - - 'POST /news HTTP/1.1' eyJ0eXAiOiJKV1QiLCJhbGciOiJSUzI1NiJ9.eyJLZXkxIjoidmFsdWUxIiwiS2V5MiI6InZhbHVlMiIsImV4cCI6MTUzMzkxMTU3MiwiS2V5SUQiOiIxIn0.Xg9i7qja0A8X_MUIaDgv9w5sU70gDHfmc-UIh8IiNUBHvV0tvL2IKkmY8UTWQN9jyc2b6SoQjrzMDv8bzsiAUioMc8FvrphCa-DGmxwal08uMeSPF6s2xC4Ok_e66WnvAyBsuymOOZOYfNdnIh3sBIyQlFtGWKtEGrfsDM6lnEY 201 34 '-' 'PostmanRuntime/7.1.1' 47.510 ms 
0044dcd3-6c4c-470d-8f22-fc1d4bfd0be9 - - [10/Aug/2018:13:40:04 +0000] ::1 - - 'POST /news HTTP/1.1' eyJ0eXAiOiJKV1QiLCJhbGciOiJSUzI1NiJ9.eyJLZXkxIjoidmFsdWUxIiwiS2V5MiI6InZhbHVlMiIsImV4cCI6MTUzMzkxMTU3MiwiS2V5SUQiOiIxIn0.Xg9i7qja0A8X_MUIaDgv9w5sU70gDHfmc-UIh8IiNUBHvV0tvL2IKkmY8UTWQN9jyc2b6SoQjrzMDv8bzsiAUioMc8FvrphCa-DGmxwal08uMeSPF6s2xC4Ok_e66WnvAyBsuymOOZOYfNdnIh3sBIyQlFtGWKtEGrfsDM6lnEY 201 34 '-' 'PostmanRuntime/7.1.1' 30.526 ms 
191142b6-c243-44e8-9b36-0dc5dea2970d - - [10/Aug/2018:13:40:05 +0000] ::1 - - 'POST /news HTTP/1.1' eyJ0eXAiOiJKV1QiLCJhbGciOiJSUzI1NiJ9.eyJLZXkxIjoidmFsdWUxIiwiS2V5MiI6InZhbHVlMiIsImV4cCI6MTUzMzkxMTU3MiwiS2V5SUQiOiIxIn0.Xg9i7qja0A8X_MUIaDgv9w5sU70gDHfmc-UIh8IiNUBHvV0tvL2IKkmY8UTWQN9jyc2b6SoQjrzMDv8bzsiAUioMc8FvrphCa-DGmxwal08uMeSPF6s2xC4Ok_e66WnvAyBsuymOOZOYfNdnIh3sBIyQlFtGWKtEGrfsDM6lnEY 201 34 '-' 'PostmanRuntime/7.1.1' 19.312 ms 
b372afb7-2881-4a25-8343-6877d681442a - - [10/Aug/2018:13:40:05 +0000] ::1 - - 'POST /news HTTP/1.1' eyJ0eXAiOiJKV1QiLCJhbGciOiJSUzI1NiJ9.eyJLZXkxIjoidmFsdWUxIiwiS2V5MiI6InZhbHVlMiIsImV4cCI6MTUzMzkxMTU3MiwiS2V5SUQiOiIxIn0.Xg9i7qja0A8X_MUIaDgv9w5sU70gDHfmc-UIh8IiNUBHvV0tvL2IKkmY8UTWQN9jyc2b6SoQjrzMDv8bzsiAUioMc8FvrphCa-DGmxwal08uMeSPF6s2xC4Ok_e66WnvAyBsuymOOZOYfNdnIh3sBIyQlFtGWKtEGrfsDM6lnEY 201 34 '-' 'PostmanRuntime/7.1.1' 35.498 ms 
8b3d88c2-38ba-41ee-921c-81d7a78c3cb4 - - [10/Aug/2018:13:40:06 +0000] ::1 - - 'POST /news HTTP/1.1' eyJ0eXAiOiJKV1QiLCJhbGciOiJSUzI1NiJ9.eyJLZXkxIjoidmFsdWUxIiwiS2V5MiI6InZhbHVlMiIsImV4cCI6MTUzMzkxMTU3MiwiS2V5SUQiOiIxIn0.Xg9i7qja0A8X_MUIaDgv9w5sU70gDHfmc-UIh8IiNUBHvV0tvL2IKkmY8UTWQN9jyc2b6SoQjrzMDv8bzsiAUioMc8FvrphCa-DGmxwal08uMeSPF6s2xC4Ok_e66WnvAyBsuymOOZOYfNdnIh3sBIyQlFtGWKtEGrfsDM6lnEY 201 34 '-' 'PostmanRuntime/7.1.1' 27.512 ms 
00be5730-124b-4d4e-be09-92225f92955b - - [10/Aug/2018:13:40:06 +0000] ::1 - - 'POST /news HTTP/1.1' eyJ0eXAiOiJKV1QiLCJhbGciOiJSUzI1NiJ9.eyJLZXkxIjoidmFsdWUxIiwiS2V5MiI6InZhbHVlMiIsImV4cCI6MTUzMzkxMTU3MiwiS2V5SUQiOiIxIn0.Xg9i7qja0A8X_MUIaDgv9w5sU70gDHfmc-UIh8IiNUBHvV0tvL2IKkmY8UTWQN9jyc2b6SoQjrzMDv8bzsiAUioMc8FvrphCa-DGmxwal08uMeSPF6s2xC4Ok_e66WnvAyBsuymOOZOYfNdnIh3sBIyQlFtGWKtEGrfsDM6lnEY 201 34 '-' 'PostmanRuntime/7.1.1' 31.705 ms 
5c4c47db-3cdb-4a1d-9adf-a4f8d703df62 - - [10/Aug/2018:13:40:07 +0000] ::1 - - 'POST /news HTTP/1.1' eyJ0eXAiOiJKV1QiLCJhbGciOiJSUzI1NiJ9.eyJLZXkxIjoidmFsdWUxIiwiS2V5MiI6InZhbHVlMiIsImV4cCI6MTUzMzkxMTU3MiwiS2V5SUQiOiIxIn0.Xg9i7qja0A8X_MUIaDgv9w5sU70gDHfmc-UIh8IiNUBHvV0tvL2IKkmY8UTWQN9jyc2b6SoQjrzMDv8bzsiAUioMc8FvrphCa-DGmxwal08uMeSPF6s2xC4Ok_e66WnvAyBsuymOOZOYfNdnIh3sBIyQlFtGWKtEGrfsDM6lnEY 201 34 '-' 'PostmanRuntime/7.1.1' 31.536 ms 
8234380a-2840-46bb-bb7d-cde38a6746d7 - - [10/Aug/2018:13:40:08 +0000] ::1 - - 'POST /news HTTP/1.1' eyJ0eXAiOiJKV1QiLCJhbGciOiJSUzI1NiJ9.eyJLZXkxIjoidmFsdWUxIiwiS2V5MiI6InZhbHVlMiIsImV4cCI6MTUzMzkxMTU3MiwiS2V5SUQiOiIxIn0.Xg9i7qja0A8X_MUIaDgv9w5sU70gDHfmc-UIh8IiNUBHvV0tvL2IKkmY8UTWQN9jyc2b6SoQjrzMDv8bzsiAUioMc8FvrphCa-DGmxwal08uMeSPF6s2xC4Ok_e66WnvAyBsuymOOZOYfNdnIh3sBIyQlFtGWKtEGrfsDM6lnEY 201 34 '-' 'PostmanRuntime/7.1.1' 34.238 ms 
a8f48a7a-7a2c-49e9-a8c4-d99a83ad1d17 - - [10/Aug/2018:13:40:08 +0000] ::1 - - 'POST /news HTTP/1.1' eyJ0eXAiOiJKV1QiLCJhbGciOiJSUzI1NiJ9.eyJLZXkxIjoidmFsdWUxIiwiS2V5MiI6InZhbHVlMiIsImV4cCI6MTUzMzkxMTU3MiwiS2V5SUQiOiIxIn0.Xg9i7qja0A8X_MUIaDgv9w5sU70gDHfmc-UIh8IiNUBHvV0tvL2IKkmY8UTWQN9jyc2b6SoQjrzMDv8bzsiAUioMc8FvrphCa-DGmxwal08uMeSPF6s2xC4Ok_e66WnvAyBsuymOOZOYfNdnIh3sBIyQlFtGWKtEGrfsDM6lnEY 201 34 '-' 'PostmanRuntime/7.1.1' 24.150 ms 
2c18f7c1-4634-48ab-a643-1890f7404b0f - - [10/Aug/2018:13:40:09 +0000] ::1 - - 'POST /news HTTP/1.1' eyJ0eXAiOiJKV1QiLCJhbGciOiJSUzI1NiJ9.eyJLZXkxIjoidmFsdWUxIiwiS2V5MiI6InZhbHVlMiIsImV4cCI6MTUzMzkxMTU3MiwiS2V5SUQiOiIxIn0.Xg9i7qja0A8X_MUIaDgv9w5sU70gDHfmc-UIh8IiNUBHvV0tvL2IKkmY8UTWQN9jyc2b6SoQjrzMDv8bzsiAUioMc8FvrphCa-DGmxwal08uMeSPF6s2xC4Ok_e66WnvAyBsuymOOZOYfNdnIh3sBIyQlFtGWKtEGrfsDM6lnEY 201 34 '-' 'PostmanRuntime/7.1.1' 29.055 ms 
3be364e9-8c34-495f-a4a9-0639b079cf64 - - [10/Aug/2018:13:40:09 +0000] ::1 - - 'POST /news HTTP/1.1' eyJ0eXAiOiJKV1QiLCJhbGciOiJSUzI1NiJ9.eyJLZXkxIjoidmFsdWUxIiwiS2V5MiI6InZhbHVlMiIsImV4cCI6MTUzMzkxMTU3MiwiS2V5SUQiOiIxIn0.Xg9i7qja0A8X_MUIaDgv9w5sU70gDHfmc-UIh8IiNUBHvV0tvL2IKkmY8UTWQN9jyc2b6SoQjrzMDv8bzsiAUioMc8FvrphCa-DGmxwal08uMeSPF6s2xC4Ok_e66WnvAyBsuymOOZOYfNdnIh3sBIyQlFtGWKtEGrfsDM6lnEY 201 34 '-' 'PostmanRuntime/7.1.1' 24.203 ms 
4ac9e986-4165-46f0-8e4d-ac12a69cf6c8 - - [10/Aug/2018:13:40:10 +0000] ::1 - - 'POST /news HTTP/1.1' eyJ0eXAiOiJKV1QiLCJhbGciOiJSUzI1NiJ9.eyJLZXkxIjoidmFsdWUxIiwiS2V5MiI6InZhbHVlMiIsImV4cCI6MTUzMzkxMTU3MiwiS2V5SUQiOiIxIn0.Xg9i7qja0A8X_MUIaDgv9w5sU70gDHfmc-UIh8IiNUBHvV0tvL2IKkmY8UTWQN9jyc2b6SoQjrzMDv8bzsiAUioMc8FvrphCa-DGmxwal08uMeSPF6s2xC4Ok_e66WnvAyBsuymOOZOYfNdnIh3sBIyQlFtGWKtEGrfsDM6lnEY 201 34 '-' 'PostmanRuntime/7.1.1' 135.751 ms 
